Unity Editor version:    2022.3.62f3 (96770f904ca7)
Branch:                  2022.3/respin/2022.3.62f2-4af31df585-v2
Build type:              Release
Batch mode:              YES
macOS version:           Version 26.3 (Build 25D125)
Darwin version:          25.3.0
Architecture:            arm64
Running under Rosetta:   NO
Available memory:        24576 MB
[Licensing::Module] Trying to connect to existing licensing client channel...
[Licensing::IpcConnector] Channel LicenseClient-rodrigo doesn't exist
Launching external process: /Applications/Unity/Hub/Editor/2022.3.62f3/Unity.app/Contents/Frameworks/UnityLicensingClient.app/Contents/MacOS/Unity.Licensing.Client
[Licensing::Module] Successfully launched the LicensingClient (PId: 16692)
[Licensing::IpcConnector] Successfully connected to: "LicenseClient-rodrigo" at "2026-02-28T20:31:10.720602Z"
[Licensing::Client] Code 10 while verifying Licensing Client signature (process Id: 16692, path: "/Applications/Unity/Hub/Editor/2022.3.62f3/Unity.app/Contents/Frameworks/UnityLicensingClient.app/Contents/MacOS/Unity.Licensing.Client")
[Licensing::Module] LicensingClient has failed validation; ignoring
[Licensing::Client] Handshaking with LicensingClient:
  Version:                 1.16.2+bdef8f5
  Session Id:              39da8ed7e92d485aa732fa5c316cfeee
  Correlation Id:          56fb93f3375d4465a23ca943404e50d6
  External correlation Id: 1911268176922960167
  Machine Id:              a2zCKOk4dxqmrSWDcvxglrzuEIg=
[Licensing::Module] Successfully connected to LicensingClient on channel: "LicenseClient-rodrigo" (connect: 0.27s, validation: 0.02s, handshake: 0.19s)
[Licensing::IpcConnector] Successfully connected to: "LicenseClient-rodrigo-notifications" at "2026-02-28T20:31:10.938899Z"
[Licensing::Module] Connected to LicensingClient (PId: 16692, launch time: 0.00, total connection time: 0.49s)
[Licensing::Module] Error: Access token is unavailable; failed to update
[Licensing::Client] Error: Code 500 while processing request (status: Unable to update licenses. Errors: No ULF license found.,Token not found in cache)
[Licensing::Client] Error: Code 500 while updating license in client (status: Unable to update licenses. Errors: No ULF license found.,Token not found in cache)
[Licensing::Client] Successfully resolved entitlement details
[Licensing::Module] Serial number assigned to: "2475938834189-UnityPersXXXX"
Pro License: NO
[Licensing::Client] Successfully resolved entitlement details
Launching external process: /Applications/Unity/Hub/Editor/2022.3.62f3/Unity.app/Contents/Resources/PackageManager/Server/UnityPackageManager

COMMAND LINE ARGUMENTS:
/Applications/Unity/Hub/Editor/2022.3.62f3/Unity.app/Contents/MacOS/Unity
-batchmode
-nographics
-quit
-projectPath
/Users/rodrigo/Dev/DCGO
-logFile
/Users/rodrigo/Dev/DCGO/unity-batch-check-2.log
Successfully changed project path to: /Users/rodrigo/Dev/DCGO
/Users/rodrigo/Dev/DCGO
[UnityMemory] Configuration Parameters - Can be set up in boot.config
    "memorysetup-bucket-allocator-granularity=16"
    "memorysetup-bucket-allocator-bucket-count=8"
    "memorysetup-bucket-allocator-block-size=33554432"
    "memorysetup-bucket-allocator-block-count=8"
    "memorysetup-main-allocator-block-size=16777216"
    "memorysetup-thread-allocator-block-size=16777216"
    "memorysetup-gfx-main-allocator-block-size=16777216"
    "memorysetup-gfx-thread-allocator-block-size=16777216"
    "memorysetup-cache-allocator-block-size=4194304"
    "memorysetup-typetree-allocator-block-size=2097152"
    "memorysetup-profiler-bucket-allocator-granularity=16"
    "memorysetup-profiler-bucket-allocator-bucket-count=8"
    "memorysetup-profiler-bucket-allocator-block-size=33554432"
    "memorysetup-profiler-bucket-allocator-block-count=8"
    "memorysetup-profiler-allocator-block-size=16777216"
    "memorysetup-profiler-editor-allocator-block-size=1048576"
    "memorysetup-temp-allocator-size-main=16777216"
    "memorysetup-job-temp-allocator-block-size=2097152"
    "memorysetup-job-temp-allocator-block-size-background=1048576"
    "memorysetup-job-temp-allocator-reduction-small-platforms=262144"
    "memorysetup-allocator-temp-initial-block-size-main=262144"
    "memorysetup-allocator-temp-initial-block-size-worker=262144"
    "memorysetup-temp-allocator-size-background-worker=32768"
    "memorysetup-temp-allocator-size-job-worker=262144"
    "memorysetup-temp-allocator-size-preload-manager=33554432"
    "memorysetup-temp-allocator-size-nav-mesh-worker=65536"
    "memorysetup-temp-allocator-size-audio-worker=65536"
    "memorysetup-temp-allocator-size-cloud-worker=32768"
    "memorysetup-temp-allocator-size-gi-baking-worker=262144"
    "memorysetup-temp-allocator-size-gfx=262144"
Player connection [8657776768]  Target information:

Player connection [8657776768]  * "[IP] 192.168.12.114 [Port] 55504 [Flags] 2 [Guid] 2793750065 [EditorId] 2793750065 [Version] 1048832 [Id] OSXEditor(0,Rodrigos-Mac-mini.local) [Debug] 1 [PackageName] OSXEditor [ProjectName] Editor" 

Player connection [8657776768] Host joined multi-casting on [225.0.0.222:54997]...
Player connection [8657776768] Host joined alternative multi-casting on [225.0.0.222:34997]...
Input System module state changed to: Initialized.
[PhysX] Initialized MultithreadedTaskDispatcher with 10 workers.
[Package Manager] UpmClient::Connect -- Connected to IPC stream "Upm-16691" after 0.4 seconds.
[Package Manager] Restoring resolved packages state from cache
[Licensing::Client] Successfully resolved entitlement details
[Package Manager] Registered 55 packages:
  Packages from [https://packages.unity.com]:
    com.unity.ai.navigation@1.1.6 (location: /Users/rodrigo/Dev/DCGO/Library/PackageCache/com.unity.ai.navigation@1.1.6)
    com.unity.cinemachine@2.10.3 (location: /Users/rodrigo/Dev/DCGO/Library/PackageCache/com.unity.cinemachine@2.10.3)
    com.unity.editorcoroutines@1.0.0 (location: /Users/rodrigo/Dev/DCGO/Library/PackageCache/com.unity.editorcoroutines@1.0.0)
    com.unity.ide.rider@3.0.36 (location: /Users/rodrigo/Dev/DCGO/Library/PackageCache/com.unity.ide.rider@3.0.36)
    com.unity.ide.visualstudio@2.0.22 (location: /Users/rodrigo/Dev/DCGO/Library/PackageCache/com.unity.ide.visualstudio@2.0.22)
    com.unity.ide.vscode@1.2.5 (location: /Users/rodrigo/Dev/DCGO/Library/PackageCache/com.unity.ide.vscode@1.2.5)
    com.unity.test-framework@1.1.33 (location: /Users/rodrigo/Dev/DCGO/Library/PackageCache/com.unity.test-framework@1.1.33)
    com.unity.textmeshpro@3.0.8 (location: /Users/rodrigo/Dev/DCGO/Library/PackageCache/com.unity.textmeshpro@3.0.8)
    com.unity.timeline@1.7.7 (location: /Users/rodrigo/Dev/DCGO/Library/PackageCache/com.unity.timeline@1.7.7)
    com.unity.toolchain.win-x86_64-linux-x86_64@2.0.9 (location: /Users/rodrigo/Dev/DCGO/Library/PackageCache/com.unity.toolchain.win-x86_64-linux-x86_64@2.0.9)
    com.unity.sysroot@2.0.10 (location: /Users/rodrigo/Dev/DCGO/Library/PackageCache/com.unity.sysroot@2.0.10)
    com.unity.sysroot.linux-x86_64@2.0.9 (location: /Users/rodrigo/Dev/DCGO/Library/PackageCache/com.unity.sysroot.linux-x86_64@2.0.9)
    com.unity.ext.nunit@1.0.6 (location: /Users/rodrigo/Dev/DCGO/Library/PackageCache/com.unity.ext.nunit@1.0.6)
    com.unity.mathematics@1.2.6 (location: /Users/rodrigo/Dev/DCGO/Library/PackageCache/com.unity.mathematics@1.2.6)
    com.unity.burst@1.8.21 (location: /Users/rodrigo/Dev/DCGO/Library/PackageCache/com.unity.burst@1.8.21)
    com.unity.searcher@4.9.2 (location: /Users/rodrigo/Dev/DCGO/Library/PackageCache/com.unity.searcher@4.9.2)
  Packages from [https://unitynuget-registry.openupm.com]:
    org.nuget.system.runtime.compilerservices.unsafe@6.0.0 (location: /Users/rodrigo/Dev/DCGO/Library/PackageCache/org.nuget.system.runtime.compilerservices.unsafe@6.0.0)
  Built-in packages:
    com.unity.2d.sprite@1.0.0 (location: /Users/rodrigo/Dev/DCGO/Library/PackageCache/com.unity.2d.sprite@1.0.0)
    com.unity.render-pipelines.universal@14.0.12 (location: /Users/rodrigo/Dev/DCGO/Library/PackageCache/com.unity.render-pipelines.universal@14.0.12)
    com.unity.ugui@1.0.0 (location: /Users/rodrigo/Dev/DCGO/Library/PackageCache/com.unity.ugui@1.0.0)
    com.unity.modules.ai@1.0.0 (location: /Users/rodrigo/Dev/DCGO/Library/PackageCache/com.unity.modules.ai@1.0.0)
    com.unity.modules.androidjni@1.0.0 (location: /Users/rodrigo/Dev/DCGO/Library/PackageCache/com.unity.modules.androidjni@1.0.0)
    com.unity.modules.animation@1.0.0 (location: /Users/rodrigo/Dev/DCGO/Library/PackageCache/com.unity.modules.animation@1.0.0)
    com.unity.modules.assetbundle@1.0.0 (location: /Users/rodrigo/Dev/DCGO/Library/PackageCache/com.unity.modules.assetbundle@1.0.0)
    com.unity.modules.audio@1.0.0 (location: /Users/rodrigo/Dev/DCGO/Library/PackageCache/com.unity.modules.audio@1.0.0)
    com.unity.modules.cloth@1.0.0 (location: /Users/rodrigo/Dev/DCGO/Library/PackageCache/com.unity.modules.cloth@1.0.0)
    com.unity.modules.director@1.0.0 (location: /Users/rodrigo/Dev/DCGO/Library/PackageCache/com.unity.modules.director@1.0.0)
    com.unity.modules.imageconversion@1.0.0 (location: /Users/rodrigo/Dev/DCGO/Library/PackageCache/com.unity.modules.imageconversion@1.0.0)
    com.unity.modules.imgui@1.0.0 (location: /Users/rodrigo/Dev/DCGO/Library/PackageCache/com.unity.modules.imgui@1.0.0)
    com.unity.modules.jsonserialize@1.0.0 (location: /Users/rodrigo/Dev/DCGO/Library/PackageCache/com.unity.modules.jsonserialize@1.0.0)
    com.unity.modules.particlesystem@1.0.0 (location: /Users/rodrigo/Dev/DCGO/Library/PackageCache/com.unity.modules.particlesystem@1.0.0)
    com.unity.modules.physics@1.0.0 (location: /Users/rodrigo/Dev/DCGO/Library/PackageCache/com.unity.modules.physics@1.0.0)
    com.unity.modules.physics2d@1.0.0 (location: /Users/rodrigo/Dev/DCGO/Library/PackageCache/com.unity.modules.physics2d@1.0.0)
    com.unity.modules.screencapture@1.0.0 (location: /Users/rodrigo/Dev/DCGO/Library/PackageCache/com.unity.modules.screencapture@1.0.0)
    com.unity.modules.terrain@1.0.0 (location: /Users/rodrigo/Dev/DCGO/Library/PackageCache/com.unity.modules.terrain@1.0.0)
    com.unity.modules.terrainphysics@1.0.0 (location: /Users/rodrigo/Dev/DCGO/Library/PackageCache/com.unity.modules.terrainphysics@1.0.0)
    com.unity.modules.tilemap@1.0.0 (location: /Users/rodrigo/Dev/DCGO/Library/PackageCache/com.unity.modules.tilemap@1.0.0)
    com.unity.modules.ui@1.0.0 (location: /Users/rodrigo/Dev/DCGO/Library/PackageCache/com.unity.modules.ui@1.0.0)
    com.unity.modules.uielements@1.0.0 (location: /Users/rodrigo/Dev/DCGO/Library/PackageCache/com.unity.modules.uielements@1.0.0)
    com.unity.modules.umbra@1.0.0 (location: /Users/rodrigo/Dev/DCGO/Library/PackageCache/com.unity.modules.umbra@1.0.0)
    com.unity.modules.unityanalytics@1.0.0 (location: /Users/rodrigo/Dev/DCGO/Library/PackageCache/com.unity.modules.unityanalytics@1.0.0)
    com.unity.modules.unitywebrequest@1.0.0 (location: /Users/rodrigo/Dev/DCGO/Library/PackageCache/com.unity.modules.unitywebrequest@1.0.0)
    com.unity.modules.unitywebrequestassetbundle@1.0.0 (location: /Users/rodrigo/Dev/DCGO/Library/PackageCache/com.unity.modules.unitywebrequestassetbundle@1.0.0)
    com.unity.modules.unitywebrequestaudio@1.0.0 (location: /Users/rodrigo/Dev/DCGO/Library/PackageCache/com.unity.modules.unitywebrequestaudio@1.0.0)
    com.unity.modules.unitywebrequesttexture@1.0.0 (location: /Users/rodrigo/Dev/DCGO/Library/PackageCache/com.unity.modules.unitywebrequesttexture@1.0.0)
    com.unity.modules.unitywebrequestwww@1.0.0 (location: /Users/rodrigo/Dev/DCGO/Library/PackageCache/com.unity.modules.unitywebrequestwww@1.0.0)
    com.unity.modules.vehicles@1.0.0 (location: /Users/rodrigo/Dev/DCGO/Library/PackageCache/com.unity.modules.vehicles@1.0.0)
    com.unity.modules.video@1.0.0 (location: /Users/rodrigo/Dev/DCGO/Library/PackageCache/com.unity.modules.video@1.0.0)
    com.unity.modules.vr@1.0.0 (location: /Users/rodrigo/Dev/DCGO/Library/PackageCache/com.unity.modules.vr@1.0.0)
    com.unity.modules.wind@1.0.0 (location: /Users/rodrigo/Dev/DCGO/Library/PackageCache/com.unity.modules.wind@1.0.0)
    com.unity.modules.xr@1.0.0 (location: /Users/rodrigo/Dev/DCGO/Library/PackageCache/com.unity.modules.xr@1.0.0)
    com.unity.modules.subsystems@1.0.0 (location: /Users/rodrigo/Dev/DCGO/Library/PackageCache/com.unity.modules.subsystems@1.0.0)
    com.unity.render-pipelines.core@14.0.12 (location: /Users/rodrigo/Dev/DCGO/Library/PackageCache/com.unity.render-pipelines.core@14.0.12)
    com.unity.shadergraph@14.0.12 (location: /Users/rodrigo/Dev/DCGO/Library/PackageCache/com.unity.shadergraph@14.0.12)
    com.unity.render-pipelines.universal-config@14.0.10 (location: /Users/rodrigo/Dev/DCGO/Library/PackageCache/com.unity.render-pipelines.universal-config@14.0.10)
[Subsystems] No new subsystems found in resolved package list.
Package Manager log level set to [2]
[Package Manager] Done registering packages in 0.10 seconds
Refreshing native plugins compatible for Editor in 8.70 ms, found 1 plugins.
Preloading 0 native plugins for Editor in 0.00 ms.
Initialize engine version: 2022.3.62f3 (96770f904ca7)
[Subsystems] Discovering subsystems at path /Applications/Unity/Hub/Editor/2022.3.62f3/Unity.app/Contents/Resources/UnitySubsystems
[Subsystems] Discovering subsystems at path /Users/rodrigo/Dev/DCGO/Assets
Forcing GfxDevice: Null
GfxDevice: creating device client; threaded=0; jobified=0
NullGfxDevice:
    Version:  NULL 1.0 [1.0]
    Renderer: Null Device
    Vendor:   Unity Technologies
[Licensing::Client] Successfully resolved entitlement details
Initialize mono
Mono path[0] = '/Applications/Unity/Hub/Editor/2022.3.62f3/Unity.app/Contents/Managed'
Mono path[1] = '/Applications/Unity/Hub/Editor/2022.3.62f3/Unity.app/Contents/MonoBleedingEdge/lib/mono/unityjit-macos'
Mono config path = '/Applications/Unity/Hub/Editor/2022.3.62f3/Unity.app/Contents/MonoBleedingEdge/etc'
Using monoOptions --debugger-agent=transport=dt_socket,embedding=1,server=y,suspend=n,address=127.0.0.1:56691
Using cacheserver namespaces - metadata:defaultmetadata, artifacts:defaultartifacts
Using cacheserver namespaces - metadata:defaultmetadata, artifacts:defaultartifacts
ImportWorker Server TCP listen port: 0
Begin MonoManager ReloadAssembly
Registering precompiled unity dll's ...
Register platform support module: /Applications/Unity/Hub/Editor/2022.3.62f3/Unity.app/Contents/PlaybackEngines/MacStandaloneSupport/UnityEditor.OSXStandalone.Extensions.dll
[Licensing::Client] Successfully resolved entitlement details
Register platform support module: /Applications/Unity/Hub/Editor/2022.3.62f3/PlaybackEngines/iOSSupport/UnityEditor.iOS.Extensions.dll
Registered in 0.013096 seconds.
- Loaded All Assemblies, in  0.171 seconds
[usbmuxd] Start listen thread
[usbmuxd] Listen thread started
[usbmuxd] Send listen message
Native extension for iOS target not found
Native extension for OSXStandalone target not found
Mono: successfully reloaded assembly
- Finished resetting the current domain, in  0.125 seconds
Domain Reload Profiling: 296ms
	BeginReloadAssembly (59ms)
		ExecutionOrderSort (0ms)
		DisableScriptedObjects (0ms)
		BackupInstance (0ms)
		ReleaseScriptingObjects (0ms)
		CreateAndSetChildDomain (0ms)
	RebuildCommonClasses (14ms)
	RebuildNativeTypeToScriptingClass (5ms)
	initialDomainReloadingComplete (32ms)
	LoadAllAssembliesAndSetupDomain (62ms)
		LoadAssemblies (59ms)
		RebuildTransferFunctionScriptingTraits (0ms)
		AnalyzeDomain (60ms)
			TypeCache.Refresh (60ms)
				TypeCache.ScanAssembly (54ms)
			ScanForSourceGeneratedMonoScriptInfo (0ms)
			ResolveRequiredComponents (0ms)
	FinalizeReload (125ms)
		ReleaseScriptCaches (0ms)
		RebuildScriptCaches (0ms)
		SetupLoadedEditorAssemblies (106ms)
			LogAssemblyErrors (0ms)
			InitializePlatformSupportModulesInManaged (36ms)
			SetLoadedEditorAssemblies (2ms)
			RefreshPlugins (0ms)
			BeforeProcessingInitializeOnLoad (1ms)
			ProcessInitializeOnLoadAttributes (51ms)
			ProcessInitializeOnLoadMethodAttributes (16ms)
			AfterProcessingInitializeOnLoad (0ms)
			EditorAssembliesLoaded (0ms)
		ExecutionOrderSort2 (0ms)
		AwakeInstancesAfterBackupRestoration (0ms)
[Licensing::Client] Successfully resolved entitlement details
Application.AssetDatabase Initial Refresh Start
[40m[32minfo[39m[22m[49m: Microsoft.Hosting.Lifetime[14]
      Now listening on: http://unix:/tmp/ilpp.sock-922a7c7be9ddf2b4b3ecb3190409f0fa
[40m[32minfo[39m[22m[49m: Microsoft.Hosting.Lifetime[0]
      Application started. Press Ctrl+C to shut down.
[40m[32minfo[39m[22m[49m: Microsoft.Hosting.Lifetime[0]
      Hosting environment: Production
[40m[32minfo[39m[22m[49m: Microsoft.Hosting.Lifetime[0]
      Content root path: /Users/rodrigo/Dev/DCGO/
[40m[32minfo[39m[22m[49m: Microsoft.AspNetCore.Hosting.Diagnostics[1]
      Request starting HTTP/2 POST http://ilpp/UnityILPP.PostProcessing/Ping application/grpc -
[40m[32minfo[39m[22m[49m: Microsoft.AspNetCore.Routing.EndpointMiddleware[0]
      Executing endpoint 'gRPC - /UnityILPP.PostProcessing/Ping'
[40m[32minfo[39m[22m[49m: Microsoft.AspNetCore.Routing.EndpointMiddleware[1]
      Executed endpoint 'gRPC - /UnityILPP.PostProcessing/Ping'
[40m[32minfo[39m[22m[49m: Microsoft.AspNetCore.Hosting.Diagnostics[2]
      Request finished HTTP/2 POST http://ilpp/UnityILPP.PostProcessing/Ping application/grpc - - 200 - application/grpc 18.3920ms
Starting: /Applications/Unity/Hub/Editor/2022.3.62f3/Unity.app/Contents/bee_backend --ipc --defer-dag-verification --dagfile="Library/Bee/200b0aE.dag" --continue-on-failure --profile="Library/Bee/backend1.traceevents" ScriptAssemblies
WorkingDir: /Users/rodrigo/Dev/DCGO
DisplayProgressbar: Compiling Scripts
[40m[32minfo[39m[22m[49m: Microsoft.AspNetCore.Hosting.Diagnostics[1]
      Request starting HTTP/2 POST http://ilpp/UnityILPP.PostProcessing/ConfigurePostProcessors application/grpc -
[40m[32minfo[39m[22m[49m: Microsoft.AspNetCore.Routing.EndpointMiddleware[0]
      Executing endpoint 'gRPC - /UnityILPP.PostProcessing/ConfigurePostProcessors'
[40m[1m[33mwarn[39m[22m[49m: Unity.ILPP.Runner.PostProcessingAssemblyLoadContext[0]
      Assembly unityeditor.ios.extensions.xcode has duplicate hint path. Ignoring "/Applications/Unity/Hub/Editor/2022.3.62f3/Unity.app/Contents/PlaybackEngines/MacStandaloneSupport/UnityEditor.iOS.Extensions.Xcode.dll" in favor of "/Applications/Unity/Hub/Editor/2022.3.62f3/PlaybackEngines/iOSSupport/UnityEditor.iOS.Extensions.Xcode.dll"
[40m[1m[33mwarn[39m[22m[49m: Unity.ILPP.Runner.PostProcessingAssemblyLoadContext[0]
      Assembly system.runtime.interopservices.windowsruntime has duplicate hint path. Ignoring "/Applications/Unity/Hub/Editor/2022.3.62f3/Unity.app/Contents/UnityReferenceAssemblies/unity-4.8-api/Facades/System.Runtime.InteropServices.WindowsRuntime.dll" in favor of "/Applications/Unity/Hub/Editor/2022.3.62f3/Unity.app/Contents/NetStandard/Extensions/2.0.0/System.Runtime.InteropServices.WindowsRuntime.dll"
[40m[1m[33mwarn[39m[22m[49m: Unity.ILPP.Runner.PostProcessingAssemblyLoadContext[0]
      Assembly system.componentmodel.composition has duplicate hint path. Ignoring "/Applications/Unity/Hub/Editor/2022.3.62f3/Unity.app/Contents/UnityReferenceAssemblies/unity-4.8-api/System.ComponentModel.Composition.dll" in favor of "/Applications/Unity/Hub/Editor/2022.3.62f3/Unity.app/Contents/NetStandard/compat/2.1.0/shims/netfx/System.ComponentModel.Composition.dll"
[40m[32minfo[39m[22m[49m: Unity.ILPP.Runner.PostProcessingAssemblyLoadContext[0]
      Resolved Unity.Burst.Cecil, Version=0.11.4.0, Culture=neutral, PublicKeyToken=50cebf1cceb9d05e with Library/PackageCache/com.unity.burst@1.8.21/Unity.Burst.CodeGen/Unity.Burst.Cecil.dll
[40m[32minfo[39m[22m[49m: Microsoft.AspNetCore.Routing.EndpointMiddleware[1]
      Executed endpoint 'gRPC - /UnityILPP.PostProcessing/ConfigurePostProcessors'
[40m[32minfo[39m[22m[49m: Microsoft.AspNetCore.Hosting.Diagnostics[2]
      Request finished HTTP/2 POST http://ilpp/UnityILPP.PostProcessing/ConfigurePostProcessors application/grpc - - 200 - application/grpc 12.4666ms
ExitCode: 0 Duration: 0s178ms
[506/669    0s] ILPP-Configuration Library/ilpp-configuration.nevergeneratedoutput
*** Tundra build success (0.17 seconds), 1 items updated, 669 evaluated
AssetDatabase: script compilation time: 0.531153s
Total cache size 105553940
Total cache size after purge 105553940
Begin MonoManager ReloadAssembly
- Loaded All Assemblies, in  0.327 seconds
Refreshing native plugins compatible for Editor in 0.68 ms, found 1 plugins.
Preloading 0 native plugins for Editor in 0.00 ms.
Refreshing native plugins compatible for Editor in 0.65 ms, found 1 plugins.
Native extension for iOS target not found
Native extension for OSXStandalone target not found
Mono: successfully reloaded assembly
- Finished resetting the current domain, in  3.499 seconds
Domain Reload Profiling: 3827ms
	BeginReloadAssembly (44ms)
		ExecutionOrderSort (0ms)
		DisableScriptedObjects (2ms)
		BackupInstance (0ms)
		ReleaseScriptingObjects (0ms)
		CreateAndSetChildDomain (10ms)
	RebuildCommonClasses (13ms)
	RebuildNativeTypeToScriptingClass (5ms)
	initialDomainReloadingComplete (9ms)
	LoadAllAssembliesAndSetupDomain (256ms)
		LoadAssemblies (109ms)
		RebuildTransferFunctionScriptingTraits (0ms)
		AnalyzeDomain (167ms)
			TypeCache.Refresh (110ms)
				TypeCache.ScanAssembly (104ms)
			ScanForSourceGeneratedMonoScriptInfo (9ms)
			ResolveRequiredComponents (47ms)
	FinalizeReload (3500ms)
		ReleaseScriptCaches (0ms)
		RebuildScriptCaches (0ms)
		SetupLoadedEditorAssemblies (3349ms)
			LogAssemblyErrors (0ms)
			InitializePlatformSupportModulesInManaged (9ms)
			SetLoadedEditorAssemblies (2ms)
			RefreshPlugins (0ms)
			BeforeProcessingInitializeOnLoad (26ms)
			ProcessInitializeOnLoadAttributes (3272ms)
			ProcessInitializeOnLoadMethodAttributes (40ms)
			AfterProcessingInitializeOnLoad (0ms)
			EditorAssembliesLoaded (0ms)
		ExecutionOrderSort2 (0ms)
		AwakeInstancesAfterBackupRestoration (2ms)
Asset Pipeline Refresh (id=e06c5802b9df94ac3a0026763f69d476): Total: 5.496 seconds - Initiated by InitialRefreshV2(ForceSynchronousImport)
	Summary:
		Imports: total=0 (actual=0, local cache=0, cache server=0)
		Asset DB Process Time: managed=0 ms, native=1085 ms
		Asset DB Callback time: managed=11 ms, native=0 ms
		Scripting: domain reloads=1, domain reload time=3850 ms, compile time=532 ms, other=16 ms
		Project Asset Count: scripts=10494, non-scripts=9716
		Asset File Changes: new=0, changed=0, moved=0, deleted=0
		Scan Filter Count: 1
	InvokeBeforeRefreshCallbacks: 0.162ms
	ApplyChangesToAssetFolders: 0.027ms
	Scan: 392.655ms
	OnSourceAssetsModified: 0.001ms
	GetAllGuidsForCategorization: 0.717ms
	CategorizeAssets: 190.662ms
	ImportOutOfDateAssets: 3521.013ms (2973.850ms without children)
		CompileScripts: 532.109ms
		ReloadNativeAssets: 0.000ms
		UnloadImportedAssets: 11.351ms
		EnsureUptoDateAssetsAreRegisteredWithGuidPM: 2.752ms
		InitializingProgressBar: 0.000ms
		PostProcessAllAssetNotificationsAddChangedAssets: 0.000ms
		OnDemandSchedulerStart: 0.950ms
	PostProcessAllAssets: 11.030ms
	GatherAllCurrentPrimaryArtifactRevisions: 0.000ms
	UnloadStreamsBegin: 0.090ms
	PersistCurrentRevisions: 0.413ms
	UnloadStreamsEnd: 0.021ms
	GenerateScriptTypeHashes: 24.995ms
	Untracked: 1379.057ms
Application.AssetDatabase Initial Refresh End
Shader Hidden/ProbeVolume/VoxelizeScene is not supported: GPU does not support conservative rasterization
Shader Hidden/ProbeVolume/VoxelizeScene is not supported: GPU does not support conservative rasterization
Scanning for USB devices : 0.109ms
Initializing Unity extensions:
[Licensing::Client] Successfully resolved entitlement details
[MODES] ModeService[none].Initialize
[MODES] ModeService[none].LoadModes
[MODES] Loading mode Default (0) for mode-current-id-DCGO
[PhysX] Initialized MultithreadedTaskDispatcher with 10 workers.
ProgressiveSceneManager::Cancel()
-- Listing OpenCL platforms(s) --
 * OpenCL platform 0
	PROFILE = FULL_PROFILE
	VERSION = OpenCL 1.2 (Jan 16 2026 07:22:26)
	NAME = Apple
	VENDOR = Apple
-- Listing OpenCL device(s) --
 * OpenCL platform 0, device 0 
	DEVICE_TYPE = 4
	DEVICE_NAME = Apple M4
	DEVICE_VENDOR = Apple
	DEVICE_VERSION = OpenCL 1.2 
	DRIVER_VERSION = 1.2 1.0
	DEVICE_MAX_COMPUTE_UNITS = 10
	DEVICE_MAX_CLOCK_FREQUENCY = 1000
	CL_DEVICE_MAX_CONSTANT_BUFFER_SIZE = 1073741824
	CL_DEVICE_HOST_UNIFIED_MEMORY = true
	CL_DEVICE_MAX_MEM_ALLOC_SIZE = 3575562240
	DEVICE_GLOBAL_MEM_SIZE = 19069665280
-- GPU Progressive lightmapper will use OpenCL device 'Apple M4' from 'Apple'--
   use -OpenCL-PlatformAndDeviceIndices <platformIdx> <deviceIdx> as command line arguments if you want to select a specific adapter for OpenCL.
Unloading 117 Unused Serialized files (Serialized files now loaded: 0)
Unloading 201 unused Assets / (7.0 MB). Loaded Objects now: 8137.
Memory consumption went from 199.8 MB to 192.7 MB.
Total: 3.705083 ms (FindLiveObjects: 0.171500 ms CreateObjectMapping: 0.067916 ms MarkObjects: 1.869292 ms  DeleteObjects: 1.595916 ms)

Batchmode quit successfully invoked - shutting down!
Curl error 42: Callback aborted
Thread 0x16daf7000 may have been prematurely finalized
[PhysX] Initialized MultithreadedTaskDispatcher with 10 workers.
Input System module state changed to: ShutdownInProgress.
Input System polling thread exited.
Input System module state changed to: Shutdown.
[Licensing::IpcConnector] LicenseClient-rodrigo-notifications channel disconnected successfully.
[Licensing::IpcConnector] LicenseClient-rodrigo channel disconnected successfully.
Thread 0x16ddb3000 may have been prematurely finalized
[40m[32minfo[39m[22m[49m: Microsoft.Hosting.Lifetime[0]
      Application is shutting down...
Cleanup mono
[40m[32minfo[39m[22m[49m: Unity.ILPP.Runner.PostProcessingAssemblyLoadContext[0]
      ALC ILPP context 1 is unloading
debugger-agent: Unable to listen on 49
[usbmuxd] Stop listen thread
[usbmuxd] Error: 
[usbmuxd] Listen thread exiting
[Performance] Application.InitializeProject                                                                                  :        1 samples, Peak.  6.85 s (1.0x), Avg.  6.85 s, Total. 6.848 s (85.5%)
[Performance] Application.PackageManager.StartServer                                                                         :        1 samples, Peak.  6.47 ms (1.0x), Avg.  6.47 ms, Total. 6.474 ms (0.1%)
[Performance] Application.AcquireProjectLock                                                                                 :        1 samples, Peak.  1.05 ms (1.0x), Avg.  1.05 ms, Total. 1.048 ms (0.0%)
[Performance] Application.InitializeEngineNoGraphics                                                                         :        1 samples, Peak.  20.0 ms (1.0x), Avg.  20.0 ms, Total. 20.03 ms (0.3%)
[Performance] Application.PackageManager.Initialize                                                                          :        1 samples, Peak.   360 ms (1.0x), Avg.   360 ms, Total. 360.1 ms (4.5%)
[Performance] Connecting to Package Manager                                                                                  :       37 samples, Peak.  33.9 us (17.9x), Avg.  1.89 us, Total. 69.96 us (0.0%)
[Performance] Application.EngineGraphics.Initialize                                                                          :        1 samples, Peak.  15.7 ms (1.0x), Avg.  15.7 ms, Total. 15.74 ms (0.2%)
[Performance] Application.GI.Initialize                                                                                      :        1 samples, Peak.   309 us (1.0x), Avg.   309 us, Total. 309.5 us (0.0%)
[Performance] Application.LoadAllDefaultResourcesFromEditor                                                                  :        1 samples, Peak.   799 us (1.0x), Avg.   799 us, Total. 799.0 us (0.0%)
[Performance] Application.LoadMonoAssemblies                                                                                 :        1 samples, Peak.   301 ms (1.0x), Avg.   301 ms, Total. 301.2 ms (3.8%)
[Performance] RestoreManagedReferences                                                                                       :        2 samples, Peak.  14.8 ms (2.0x), Avg.  7.42 ms, Total. 14.84 ms (0.2%)
[Performance] InitializeOnLoad DrivenRectTransformUndo                                                                       :        2 samples, Peak.   175 us (1.0x), Avg.   170 us, Total. 340.8 us (0.0%)
[Performance] InitializeOnLoad SceneSearch                                                                                   :        2 samples, Peak.  49.9 us (1.1x), Avg.  43.5 us, Total. 86.96 us (0.0%)
[Performance] InitializeOnLoad CloudBuild                                                                                    :        2 samples, Peak.  1.79 us (1.1x), Avg.  1.56 us, Total. 3.125 us (0.0%)
[Performance] InitializeOnLoad NativeFormatImporterUtility                                                                   :        2 samples, Peak.   964 us (1.3x), Avg.   769 us, Total. 1.539 ms (0.0%)
[Performance] InitializeOnLoad SearchService                                                                                 :        2 samples, Peak.  42.6 us (1.0x), Avg.  40.6 us, Total. 81.25 us (0.0%)
[Performance] InitializeOnLoad SettingsService                                                                               :        2 samples, Peak.  4.29 us (1.2x), Avg.  3.54 us, Total. 7.082 us (0.0%)
[Performance] InitializeOnLoad WindowLayout                                                                                  :        2 samples, Peak.   283 us (1.1x), Avg.   255 us, Total. 509.8 us (0.0%)
[Performance] InitializeOnLoad AssetStoreContext                                                                             :        2 samples, Peak.  9.70 ms (1.1x), Avg.  9.03 ms, Total. 18.06 ms (0.2%)
[Performance] InitializeOnLoad PoolManager                                                                                   :        2 samples, Peak.   256 us (1.1x), Avg.   234 us, Total. 468.7 us (0.0%)
[Performance] InitializeOnLoad MixerEffectDefinitionReloader                                                                 :        2 samples, Peak.   887 us (1.2x), Avg.   736 us, Total. 1.472 ms (0.0%)
[Performance] InitializeOnLoad ProjectSearch                                                                                 :        2 samples, Peak.  24.9 us (1.2x), Avg.  20.5 us, Total. 40.92 us (0.0%)
[Performance] InitializeOnLoad UISystemProfilerRenderService                                                                 :        2 samples, Peak.  3.54 us (1.1x), Avg.  3.33 us, Total. 6.666 us (0.0%)
[Performance] InitializeOnLoad EditMode                                                                                      :        2 samples, Peak.   140 us (1.1x), Avg.   128 us, Total. 256.2 us (0.0%)
[Performance] InitializeOnLoad UnityConnect                                                                                  :        2 samples, Peak.  15.5 us (1.0x), Avg.  15.4 us, Total. 30.75 us (0.0%)
[Performance] InitializeOnLoad ManagedDebugger                                                                               :        2 samples, Peak.   230 us (1.7x), Avg.   134 us, Total. 268.2 us (0.0%)
[Performance] InitializeOnLoad ShortcutIntegration                                                                           :        2 samples, Peak.  22.8 us (1.1x), Avg.  20.6 us, Total. 41.29 us (0.0%)
[Performance] InitializeOnLoad AddComponentWindow                                                                            :        2 samples, Peak.  37.9 us (1.0x), Avg.  36.7 us, Total. 73.37 us (0.0%)
[Performance] InitializeOnLoad ManagedDebuggerWindow                                                                         :        2 samples, Peak.  38.5 us (1.0x), Avg.  38.2 us, Total. 76.33 us (0.0%)
[Performance] InitializeOnLoad CacheServerWindow                                                                             :        2 samples, Peak.  12.3 us (1.5x), Avg.  8.23 us, Total. 16.46 us (0.0%)
[Performance] InitializeOnLoad PlayModeDownload                                                                              :        2 samples, Peak.  1.66 ms (1.9x), Avg.   861 us, Total. 1.723 ms (0.0%)
[Performance] InitializeOnLoad MenuItems                                                                                     :        2 samples, Peak.  31.7 us (1.1x), Avg.  28.6 us, Total. 57.29 us (0.0%)
[Performance] InitializeOnLoad PrefabInstanceChangedListener                                                                 :        2 samples, Peak.  44.8 us (1.0x), Avg.  44.6 us, Total. 89.21 us (0.0%)
[Performance] InitializeOnLoad ObjectSelectorSearch                                                                          :        2 samples, Peak.  13.0 us (1.1x), Avg.  11.7 us, Total. 23.42 us (0.0%)
[Performance] InitializeOnLoad EditorMonitor                                                                                 :        2 samples, Peak.   264 us (1.3x), Avg.   205 us, Total. 409.1 us (0.0%)
[Performance] InitializeOnLoad RetainedMode                                                                                  :        2 samples, Peak.   844 us (1.0x), Avg.   810 us, Total. 1.620 ms (0.0%)
[Performance] InitializeOnLoad EditorShaderLoader                                                                            :        2 samples, Peak.   225 us (1.1x), Avg.   209 us, Total. 417.4 us (0.0%)
[Performance] InitializeOnLoad EditorDelegateRegistration                                                                    :        2 samples, Peak.   201 us (1.1x), Avg.   184 us, Total. 367.7 us (0.0%)
[Performance] InitializeOnLoad UIDocumentHierarchyWatcher                                                                    :        2 samples, Peak.  24.6 us (1.1x), Avg.  23.2 us, Total. 46.42 us (0.0%)
[Performance] InitializeOnLoad LiveReloadTrackerCreator                                                                      :        2 samples, Peak.  92.8 us (1.3x), Avg.  74.2 us, Total. 148.4 us (0.0%)
[Performance] InitializeOnLoad UxmlObjectEditorFactories                                                                     :        2 samples, Peak.   209 us (1.1x), Avg.   194 us, Total. 388.8 us (0.0%)
[Performance] InitializeOnLoad UXMLEditorFactories                                                                           :        2 samples, Peak.  21.8 ms (1.0x), Avg.  21.0 ms, Total. 41.98 ms (0.5%)
[Performance] InitializeOnLoad PurchasingService                                                                             :        2 samples, Peak.  2.54 ms (1.0x), Avg.  2.54 ms, Total. 5.074 ms (0.1%)
[Performance] InitializeOnLoad CloudBuildPoller                                                                              :        2 samples, Peak.  47.7 us (1.1x), Avg.  41.8 us, Total. 83.62 us (0.0%)
[Performance] InitializeOnLoad EditorGameServicesAnalytics                                                                   :        2 samples, Peak.   617 us (1.6x), Avg.   391 us, Total. 782.7 us (0.0%)
[Performance] InitializeOnLoad AnalyticsService                                                                              :        2 samples, Peak.  61.4 us (1.0x), Avg.  60.8 us, Total. 121.6 us (0.0%)
[Performance] InitializeOnLoad BuildService                                                                                  :        2 samples, Peak.  53.0 us (1.0x), Avg.  51.8 us, Total. 103.5 us (0.0%)
[Performance] InitializeOnLoad AdsService                                                                                    :        2 samples, Peak.   131 us (1.0x), Avg.   128 us, Total. 256.8 us (0.0%)
[Performance] InitializeOnLoad UDPService                                                                                    :        2 samples, Peak.  57.7 us (1.1x), Avg.  53.2 us, Total. 106.4 us (0.0%)
[Performance] InitializeOnLoad CrashService                                                                                  :        2 samples, Peak.  92.2 us (1.3x), Avg.  72.0 us, Total. 144.0 us (0.0%)
[Performance] InitializeOnLoad ServicesRepository                                                                            :        2 samples, Peak.   167 ns (1.3x), Avg.   126 ns, Total. 251.0 ns (0.0%)
[Performance] InitializeOnLoad SearchWindow                                                                                  :        2 samples, Peak.  51.2 us (1.2x), Avg.  42.6 us, Total. 85.29 us (0.0%)
[Performance] InitializeOnLoad CustomIndexers                                                                                :        2 samples, Peak.  6.51 ms (1.2x), Avg.  5.58 ms, Total. 11.16 ms (0.1%)
[Performance] InitializeOnLoad SearchMonitor                                                                                 :        2 samples, Peak.   360 us (1.1x), Avg.   317 us, Total. 633.4 us (0.0%)
[Performance] InitializeOnLoad ParameterControllerEditor                                                                     :        2 samples, Peak.  7.88 us (1.0x), Avg.  7.67 us, Total. 15.33 us (0.0%)
[Performance] InitializeOnLoad LayerSettingsWindow                                                                           :        2 samples, Peak.  11.0 us (1.7x), Avg.  6.31 us, Total. 12.62 us (0.0%)
[Performance] InitializeOnLoad PackageManagerHookGUIDConverter.RegisterPackagesEventHandler                                  :        2 samples, Peak.   274 us (1.7x), Avg.   164 us, Total. 327.5 us (0.0%)
[Performance] InitializeOnLoad EditorDragAndDrop.RegisterEditorClient                                                        :        2 samples, Peak.   384 us (1.7x), Avg.   229 us, Total. 459.0 us (0.0%)
[Performance] InitializeOnLoad EditorEventCallbacks.InitializeFontAssetResourceChangeCallBacks                               :        2 samples, Peak.   619 us (1.2x), Avg.   529 us, Total. 1.058 ms (0.0%)
[Performance] InitializeOnLoad SceneTemplateService.Init                                                                     :        2 samples, Peak.  1.11 ms (1.5x), Avg.   759 us, Total. 1.518 ms (0.0%)
[Performance] InitializeOnLoad DiagnosticSwitchesConsoleMessage.Init                                                         :        2 samples, Peak.  1.16 ms (1.5x), Avg.   781 us, Total. 1.561 ms (0.0%)
[Performance] InitializeOnLoad PackageManagerWindow.EditorInitializedInSafeMode                                              :        2 samples, Peak.  9.52 ms (2.0x), Avg.  4.81 ms, Total. 9.612 ms (0.1%)
[Performance] InitializeOnLoad ToolShortcutContext.Init                                                                      :        2 samples, Peak.  80.5 us (1.3x), Avg.  64.0 us, Total. 127.9 us (0.0%)
[Performance] InitializeOnLoad MemoryProfilerCompilationGuard.InjectCompileGuard                                             :        2 samples, Peak.  50.2 us (1.0x), Avg.  48.2 us, Total. 96.42 us (0.0%)
[Performance] InitializeOnLoad AssetPostprocessingInternal.RefreshCustomDependencies                                         :        2 samples, Peak.  1.21 ms (1.2x), Avg.   979 us, Total. 1.959 ms (0.0%)
[Performance] InitializeOnLoad SysrootManager.Initialize                                                                     :        2 samples, Peak.   192 us (1.1x), Avg.   173 us, Total. 346.9 us (0.0%)
[Performance] InitializeOnLoad ScopedRegistryAddedPopup.SubscribeToRegistriesAdded                                           :        2 samples, Peak.  4.34 ms (2.0x), Avg.  2.18 ms, Total. 4.370 ms (0.1%)
[Performance] InitializeOnLoad SceneVisibilityManager.Initialize                                                             :        2 samples, Peak.  2.05 ms (1.4x), Avg.  1.46 ms, Total. 2.914 ms (0.0%)
[Performance] InitializeOnLoad EditorWindow.Initialize                                                                       :        2 samples, Peak.  96.7 us (1.2x), Avg.  82.4 us, Total. 164.9 us (0.0%)
[Performance] AssemblyReloadEvents.afterAssemblyReload: UnityEditor.SceneTemplate.SceneTemplateService.AfterAssemblyReload   :        2 samples, Peak.  15.2 ms (2.0x), Avg.  7.66 ms, Total. 15.32 ms (0.2%)
[Performance] ProcessService.EditorAfterLoadAllAssemblies                                                                    :        2 samples, Peak.   559 us (1.7x), Avg.   326 us, Total. 652.8 us (0.0%)
[Performance] Application.ReadLicenseInfo                                                                                    :        1 samples, Peak.  11.3 ms (1.0x), Avg.  11.3 ms, Total. 11.28 ms (0.1%)
[Performance] Application.InitialRefresh                                                                                     :        1 samples, Peak.  5.50 s (1.0x), Avg.  5.50 s, Total. 5.498 s (68.7%)
[Performance] Compiling Scripts                                                                                              :        1 samples, Peak.   531 ms (1.0x), Avg.   531 ms, Total. 531.2 ms (6.6%)
[Performance] AssemblyReloadEvents.beforeAssemblyReload: UnityEditor.SceneTemplate.SceneTemplateService.BeforeAssemblyReload :        1 samples, Peak.   231 us (1.0x), Avg.   231 us, Total. 231.0 us (0.0%)
[Performance] InitializeOnLoad PhotonEditorUtils                                                                             :        1 samples, Peak.   814 us (1.0x), Avg.   814 us, Total. 813.6 us (0.0%)
[Performance] InitializeOnLoad BurstLoader                                                                                   :        1 samples, Peak.  1.20 s (1.0x), Avg.  1.20 s, Total. 1.202 s (15.0%)
[Performance] InitializeOnLoad ShadowCasterGroup2DManager                                                                    :        1 samples, Peak.  67.9 us (1.0x), Avg.  67.9 us, Total. 67.88 us (0.0%)
[Performance] InitializeOnLoad OnDomainReload                                                                                :        1 samples, Peak.   196 us (1.0x), Avg.   196 us, Total. 195.9 us (0.0%)
[Performance] InitializeOnLoad EditorInitialize                                                                              :        4 samples, Peak.   604 ms (4.0x), Avg.   151 ms, Total. 605.0 ms (7.6%)
[Performance] InitializeOnLoad CanvasesAndTheirOwners                                                                        :        1 samples, Peak.   112 us (1.0x), Avg.   112 us, Total. 112.2 us (0.0%)
[Performance] InitializeOnLoad ProbeGIBaking                                                                                 :        1 samples, Peak.  1.54 ms (1.0x), Avg.  1.54 ms, Total. 1.540 ms (0.0%)
[Performance] InitializeOnLoad FilterWindow                                                                                  :        1 samples, Peak.  18.3 us (1.0x), Avg.  18.3 us, Total. 18.29 us (0.0%)
[Performance] InitializeOnLoad RealtimeProbeSubdivisionDebug                                                                 :        1 samples, Peak.  47.0 us (1.0x), Avg.  47.0 us, Total. 46.96 us (0.0%)
[Performance] InitializeOnLoad NodeClassCache                                                                                :        1 samples, Peak.  7.96 us (1.0x), Avg.  7.96 us, Total. 7.958 us (0.0%)
[Performance] InitializeOnLoad ShaderGraphMaterialsUpdater                                                                   :        2 samples, Peak.   172 us (1.7x), Avg.   102 us, Total. 203.5 us (0.0%)
[Performance] InitializeOnLoad PrefabLayoutRebuilder                                                                         :        1 samples, Peak.  96.8 us (1.0x), Avg.  96.8 us, Total. 96.83 us (0.0%)
[Performance] InitializeOnLoad CinemachineStoryboardMute                                                                     :        1 samples, Peak.  62.3 us (1.0x), Avg.  62.3 us, Total. 62.25 us (0.0%)
[Performance] InitializeOnLoad SaveDuringPlay                                                                                :        1 samples, Peak.  34.5 us (1.0x), Avg.  34.5 us, Total. 34.54 us (0.0%)
[Performance] InitializeOnLoad CollectGizmoDrawers                                                                           :        1 samples, Peak.  1.39 s (1.0x), Avg.  1.39 s, Total. 1.392 s (17.4%)
[Performance] InitializeOnLoad CinemachineScreenComposerGuidesGlobalDraggable                                                :        1 samples, Peak.   134 us (1.0x), Avg.   134 us, Total. 133.9 us (0.0%)
[Performance] InitializeOnLoad CinemachineEditorAnalytics                                                                    :        1 samples, Peak.  23.9 us (1.0x), Avg.  23.9 us, Total. 23.92 us (0.0%)
[Performance] InitializeOnLoad CreateRigWithUndo                                                                             :        1 samples, Peak.   138 us (1.0x), Avg.   138 us, Total. 138.3 us (0.0%)
[Performance] InitializeOnLoad CreatePipelineWithUndo                                                                        :        1 samples, Peak.   377 us (1.0x), Avg.   377 us, Total. 377.3 us (0.0%)
[Performance] InitializeOnLoad SyncCacheEnabledSetting                                                                       :        1 samples, Peak.   424 us (1.0x), Avg.   424 us, Total. 423.7 us (0.0%)
[Performance] InitializeOnLoad CinemachineColliderPrefs                                                                      :        1 samples, Peak.  73.2 us (1.0x), Avg.  73.2 us, Total. 73.25 us (0.0%)
[Performance] InitializeOnLoad PhotonViewHandler                                                                             :        1 samples, Peak.  50.5 us (1.0x), Avg.  50.5 us, Total. 50.46 us (0.0%)
[Performance] InitializeOnLoad BackgroundWatcher                                                                             :        1 samples, Peak.  40.7 us (1.0x), Avg.  40.7 us, Total. 40.71 us (0.0%)
[Performance] InitializeOnLoad UnityTestProtocolStarter                                                                      :        1 samples, Peak.  85.4 us (1.0x), Avg.  85.4 us, Total. 85.42 us (0.0%)
[Performance] InitializeOnLoad TestStarter                                                                                   :        1 samples, Peak.   831 us (1.0x), Avg.   831 us, Total. 831.0 us (0.0%)
[Performance] InitializeOnLoad RerunCallbackInitializer                                                                      :        1 samples, Peak.  1.51 ms (1.0x), Avg.  1.51 ms, Total. 1.509 ms (0.0%)
[Performance] InitializeOnLoad VisualStudioEditor                                                                            :        1 samples, Peak.  4.33 ms (1.0x), Avg.  4.33 ms, Total. 4.330 ms (0.1%)
[Performance] InitializeOnLoad TestRunnerApiListener                                                                         :        1 samples, Peak.  8.91 ms (1.0x), Avg.  8.91 ms, Total. 8.907 ms (0.1%)
[Performance] InitializeOnLoad VisualStudioIntegration                                                                       :        1 samples, Peak.  1.42 ms (1.0x), Avg.  1.42 ms, Total. 1.422 ms (0.0%)
[Performance] InitializeOnLoad RiderScriptEditor                                                                             :        1 samples, Peak.  4.01 ms (1.0x), Avg.  4.01 ms, Total. 4.011 ms (0.1%)
[Performance] InitializeOnLoad CallbackInitializer                                                                           :        1 samples, Peak.   975 us (1.0x), Avg.   975 us, Total. 975.2 us (0.0%)
[Performance] InitializeOnLoad SpriteEditorWindow                                                                            :        1 samples, Peak.   190 us (1.0x), Avg.   190 us, Total. 190.2 us (0.0%)
[Performance] InitializeOnLoad NavigationWindow                                                                              :        1 samples, Peak.   204 us (1.0x), Avg.   204 us, Total. 203.9 us (0.0%)
[Performance] InitializeOnLoad PunStartup                                                                                    :        1 samples, Peak.  62.2 us (1.0x), Avg.  62.2 us, Total. 62.17 us (0.0%)
[Performance] InitializeOnLoad VSCodeScriptEditor                                                                            :        1 samples, Peak.  1.72 ms (1.0x), Avg.  1.72 ms, Total. 1.719 ms (0.0%)
[Performance] InitializeOnLoad Renderer2DAnalytics                                                                           :        1 samples, Peak.  32.4 us (1.0x), Avg.  32.4 us, Total. 32.37 us (0.0%)
[Performance] InitializeOnLoad EditorToolManager                                                                             :        1 samples, Peak.  1.34 ms (1.0x), Avg.  1.34 ms, Total. 1.343 ms (0.0%)
[Performance] InitializeOnLoad MaterialReimporter.RegisterUpgraderReimport                                                   :        2 samples, Peak.   559 us (2.0x), Avg.   286 us, Total. 571.1 us (0.0%)
[Performance] InitializeOnLoad MaterialCache.ClearCache                                                                      :        1 samples, Peak.   503 us (1.0x), Avg.   503 us, Total. 502.8 us (0.0%)
[Performance] InitializeOnLoad GraphicConnector.Init                                                                         :        1 samples, Peak.   579 us (1.0x), Avg.   579 us, Total. 579.2 us (0.0%)
[Performance] InitializeOnLoad UIParticleUpdater.InitializeOnLoad                                                            :        1 samples, Peak.  1.31 ms (1.0x), Avg.  1.31 ms, Total. 1.310 ms (0.0%)
[Performance] InitializeOnLoad SysrootPackage.IssueWarningIfLinuxIL2CPPNotPresent                                            :        1 samples, Peak.   118 us (1.0x), Avg.   118 us, Total. 118.3 us (0.0%)
[Performance] InitializeOnLoad PhotonView.SetPhotonViewExecutionOrder                                                        :        1 samples, Peak.   732 us (1.0x), Avg.   732 us, Total. 732.3 us (0.0%)
[Performance] InitializeOnLoad TestJobDataHolder.ResumeRunningJobs                                                           :        1 samples, Peak.   648 us (1.0x), Avg.   648 us, Total. 648.2 us (0.0%)
[Performance] InitializeOnLoad AnalyticsReporter.RegisterCallbacks                                                           :        1 samples, Peak.   148 us (1.0x), Avg.   148 us, Total. 148.2 us (0.0%)
[Performance] InitializeOnLoad DebugManagerWindowLifetimeAnalytic.SubscribeToDebugManagerOpenCloseWindows                    :        1 samples, Peak.   468 us (1.0x), Avg.   468 us, Total. 468.0 us (0.0%)
[Performance] InitializeOnLoad CoreRenderPipelinePreferences.InitPreferenceProviders                                         :        1 samples, Peak.  21.5 ms (1.0x), Avg.  21.5 ms, Total. 21.51 ms (0.3%)
[Performance] InitializeOnLoad VolumeGizmoDrawer.InitVolumeGizmoCallbacks                                                    :        1 samples, Peak.   158 us (1.0x), Avg.   158 us, Total. 158.3 us (0.0%)
[Performance] InitializeOnLoad VisualStudioEditor.LegacyVisualStudioCodePackageDisabler                                      :        1 samples, Peak.  2.05 ms (1.0x), Avg.  2.05 ms, Total. 2.050 ms (0.0%)
[Performance] InitializeOnLoad PhotonEditor.InitializeOnLoadMethod                                                           :        1 samples, Peak.   235 us (1.0x), Avg.   235 us, Total. 235.1 us (0.0%)
[Performance] DidReloadScriptsCinemachineExtension.OnScriptReload                                                            :        1 samples, Peak.   224 us (1.0x), Avg.   224 us, Total. 223.7 us (0.0%)
[Performance] DidReloadScriptsCinemachineVirtualCameraBase.OnScriptReload                                                    :        1 samples, Peak.  40.9 us (1.0x), Avg.  40.9 us, Total. 40.92 us (0.0%)
[Performance] DidReloadScriptsTestRunnerWindow.CompilationCallback                                                           :        1 samples, Peak.   258 us (1.0x), Avg.   258 us, Total. 257.8 us (0.0%)
[Performance] DidReloadScriptsTestListCache.ScriptReloaded                                                                   :        1 samples, Peak.   898 us (1.0x), Avg.   898 us, Total. 897.8 us (0.0%)
[Performance] DidReloadScriptsLookDev.OnEditorReload                                                                         :        1 samples, Peak.   112 us (1.0x), Avg.   112 us, Total. 112.0 us (0.0%)
[Performance] DidReloadScriptsDebugWindow.OnEditorReload                                                                     :        1 samples, Peak.  5.34 ms (1.0x), Avg.  5.34 ms, Total. 5.344 ms (0.1%)
[Performance] DidReloadScriptsVolumeComponentEditor.OnEditorReload                                                           :        1 samples, Peak.  14.2 ms (1.0x), Avg.  14.2 ms, Total. 14.18 ms (0.2%)
[Performance] DidReloadScriptsPhotonEditor.OnDidReloadScripts                                                                :        1 samples, Peak.  18.2 us (1.0x), Avg.  18.2 us, Total. 18.17 us (0.0%)
[Performance] DidReloadScriptsAdvancedDropdownWindow.OnScriptReload                                                          :        1 samples, Peak.   101 us (1.0x), Avg.   101 us, Total. 101.3 us (0.0%)
[Performance] CinemachineSettings.OnPostprocessAllAssets                                                                     :        2 samples, Peak.   169 us (1.2x), Avg.   144 us, Total. 287.8 us (0.0%)
[Performance] UniversalRenderPipelineGlobalSettingsPostprocessor.OnPostprocessAllAssets                                      :        2 samples, Peak.   524 us (1.0x), Avg.   523 us, Total. 1.046 ms (0.0%)
[Performance] SyncVS.PostprocessSyncProject                                                                                  :        1 samples, Peak.  4.64 ms (1.0x), Avg.  4.64 ms, Total. 4.636 ms (0.1%)
[Performance] Application.ImportPackagesAndSetTemplateWhenCreatingProject                                                    :        1 samples, Peak.  7.79 ms (1.0x), Avg.  7.79 ms, Total. 7.786 ms (0.1%)
[Performance] Application.SyncCurrentColorSpace                                                                              :        1 samples, Peak.  6.19 ms (1.0x), Avg.  6.19 ms, Total. 6.187 ms (0.1%)
[Performance] Application.OnUsbDevicesChanged                                                                                :        1 samples, Peak.   130 us (1.0x), Avg.   130 us, Total. 130.1 us (0.0%)
[Performance] Application.AssetInstanceCacheUpdate                                                                           :        1 samples, Peak.   125 ns (1.0x), Avg.   125 ns, Total. 125.0 ns (0.0%)
[Performance] Application.UnityExtensions.Initialize                                                                         :        1 samples, Peak.  5.50 ms (1.0x), Avg.  5.50 ms, Total. 5.499 ms (0.1%)
[Performance] CodeEditorProjectSync.SyncEditorProject                                                                        :        1 samples, Peak.   278 ms (1.0x), Avg.   278 ms, Total. 278.0 ms (3.5%)
[Performance] Application.ExecuteStartups                                                                                    :        1 samples, Peak.  24.3 ms (1.0x), Avg.  24.3 ms, Total. 24.31 ms (0.3%)
[Performance] Menu.RegisterMenuInterface                                                                                     :       26 samples, Peak.  1.50 us (9.0x), Avg.   167 ns, Total. 4.335 us (0.0%)
[Performance] Gizmo.RebuildRenderers                                                                                         :        1 samples, Peak.  22.5 ms (1.0x), Avg.  22.5 ms, Total. 22.55 ms (0.3%)
[Performance] Gizmo.AddGizmoRenderers                                                                                        :       93 samples, Peak.  3.87 ms (45.9x), Avg.  84.4 us, Total. 7.845 ms (0.1%)
[Performance] Application.editorInitializingProject                                                                          :        1 samples, Peak.  11.6 ms (1.0x), Avg.  11.6 ms, Total. 11.59 ms (0.1%)
[Performance] Application.InitializeMenu                                                                                     :        1 samples, Peak.  90.5 ms (1.0x), Avg.  90.5 ms, Total. 90.55 ms (1.1%)
[Performance] Menu.RebuildAll                                                                                                :        1 samples, Peak.  90.5 ms (1.0x), Avg.  90.5 ms, Total. 90.54 ms (1.1%)
[Performance] Menu.BuildRegisteredMenuInterfaces                                                                             :        1 samples, Peak.  89.7 ms (1.0x), Avg.  89.7 ms, Total. 89.73 ms (1.1%)
[Performance] Menu.FilterMenuItem                                                                                            :     4870 samples, Peak.  27.2 ms (4697.0x), Avg.  5.79 us, Total. 28.19 ms (0.4%)
[Performance] UpdateAllMenus                                                                                                 :        1 samples, Peak.   679 us (1.0x), Avg.   679 us, Total. 678.9 us (0.0%)
[Performance] EditorSceneManager.sceneClosing: UnityEditor.SceneVisibilityManager.EditorSceneManagerOnSceneClosing           :        1 samples, Peak.  95.5 us (1.0x), Avg.  95.5 us, Total. 95.50 us (0.0%)
[Performance] GUIView.RepaintAll.PlayerLoopController                                                                        :        1 samples, Peak.   334 ns (1.0x), Avg.   334 ns, Total. 334.0 ns (0.0%)
[Performance] EditorSceneManager.newSceneCreated: UnityEditor.SceneTemplate.SceneTemplateService.OnNewSceneCreated           :        1 samples, Peak.   111 us (1.0x), Avg.   111 us, Total. 111.4 us (0.0%)
[Performance] EditorSceneManager.newSceneCreated: UnityEditor.SceneVisibilityManager.EditorSceneManagerOnNewSceneCreated     :        1 samples, Peak.  64.8 us (1.0x), Avg.  64.8 us, Total. 64.83 us (0.0%)
[Performance] EditorSceneManager.newSceneCreated: UnityEditor.SceneManagement.StageNavigationManager.OnNewSceneCreated       :        1 samples, Peak.  21.3 us (1.0x), Avg.  21.3 us, Total. 21.33 us (0.0%)
[Performance] Application.InvokeFinishedLoadingProject                                                                       :        1 samples, Peak.  17.4 ms (1.0x), Avg.  17.4 ms, Total. 17.39 ms (0.2%)
[Performance] ProcessService.OnProjectLoaded                                                                                 :        1 samples, Peak.  23.8 us (1.0x), Avg.  23.8 us, Total. 23.79 us (0.0%)
[Performance] VersionControl.Task.Wait                                                                                       :        1 samples, Peak.  4.37 us (1.0x), Avg.  4.37 us, Total. 4.375 us (0.0%)
[Performance] EditorApplication.quitting: Unity.Burst.Editor.BurstLoader.OnEditorApplicationQuitting                         :        1 samples, Peak.  8.08 us (1.0x), Avg.  8.08 us, Total. 8.083 us (0.0%)
[Performance] EditorApplication.quitting: callback in UnityEditor.TextCore.Text.EditorEventCallbacks                         :        1 samples, Peak.  54.4 ms (1.0x), Avg.  54.4 ms, Total. 54.39 ms (0.7%)
[Performance] Application.Shutdown.PauseProfilerSession                                                                      :        1 samples, Peak.  19.6 us (1.0x), Avg.  19.6 us, Total. 19.58 us (0.0%)
[Performance] Application.Shutdown.PauseAssetImportWorkers                                                                   :        1 samples, Peak.  97.5 us (1.0x), Avg.  97.5 us, Total. 97.46 us (0.0%)
[Performance] Application.Shutdown.SaveAssets                                                                                :        1 samples, Peak.  4.08 ms (1.0x), Avg.  4.08 ms, Total. 4.080 ms (0.1%)
[Performance] BuilderAssetModificationProcessor.OnWillSaveAssets                                                             :        1 samples, Peak.   372 us (1.0x), Avg.   372 us, Total. 372.0 us (0.0%)
[Performance] TerrainModificationProcessor.OnWillSaveAssets                                                                  :        1 samples, Peak.   230 us (1.0x), Avg.   230 us, Total. 230.5 us (0.0%)
[Performance] AssetDatabase.ImportAssets                                                                                     :        2 samples, Peak.   208 ns (1.7x), Avg.   125 ns, Total. 250.0 ns (0.0%)
[Performance] Application.Shutdown.CleanupRenderPipeline                                                                     :        1 samples, Peak.  1.92 us (1.0x), Avg.  1.92 us, Total. 1.916 us (0.0%)
[Performance] Application.Shutdown.StopPreloadManager                                                                        :        1 samples, Peak.  11.1 ms (1.0x), Avg.  11.1 ms, Total. 11.08 ms (0.1%)
[Performance] Application.Shutdown.DestroyWorld                                                                              :        1 samples, Peak.   310 us (1.0x), Avg.   310 us, Total. 310.2 us (0.0%)
[Performance] Application.Shutdown.CleanupAfterLoad                                                                          :        1 samples, Peak.  94.7 ms (1.0x), Avg.  94.7 ms, Total. 94.65 ms (1.2%)
[Performance] Application.Shutdown.Progress                                                                                  :        1 samples, Peak.  3.37 us (1.0x), Avg.  3.37 us, Total. 3.375 us (0.0%)
[Performance] Application.Shutdown.GICleanupManagers                                                                         :        1 samples, Peak.   342 us (1.0x), Avg.   342 us, Total. 342.1 us (0.0%)
[Performance] Application.Shutdown.MenuCleanupClass                                                                          :        1 samples, Peak.   109 us (1.0x), Avg.   109 us, Total. 108.7 us (0.0%)
[Performance] Application.Shutdown.ADBSaveStateBeforeShutdown                                                                :        1 samples, Peak.  4.92 us (1.0x), Avg.  4.92 us, Total. 4.916 us (0.0%)
[Performance] Application.Shutdown.RemoteShutdown                                                                            :        1 samples, Peak.   500 ns (1.0x), Avg.   500 ns, Total. 500.0 ns (0.0%)
[Performance] Application.Shutdown.CleanupVCProvider                                                                         :        1 samples, Peak.  4.50 us (1.0x), Avg.  4.50 us, Total. 4.500 us (0.0%)
[Performance] Application.Shutdown.InputShutdown                                                                             :        1 samples, Peak.  40.3 us (1.0x), Avg.  40.3 us, Total. 40.29 us (0.0%)
[Performance] Application.Shutdown.GizmoManagerDestroy                                                                       :        1 samples, Peak.   155 us (1.0x), Avg.   155 us, Total. 154.6 us (0.0%)
[Performance] Application.Shutdown.ProfilerSession                                                                           :        1 samples, Peak.   647 us (1.0x), Avg.   647 us, Total. 646.7 us (0.0%)
[Performance] Application.Shutdown.ReleaseGfxWindowOnAllGUIViews                                                             :        1 samples, Peak.   167 ns (1.0x), Avg.   167 ns, Total. 167.0 ns (0.0%)
[Performance] Application.Shutdown.CleanupEngine                                                                             :        1 samples, Peak.   141 ms (1.0x), Avg.   141 ms, Total. 141.5 ms (1.8%)
[Performance] Application.Shutdown.CleanupAssetDatabase                                                                      :        1 samples, Peak.  5.01 ms (1.0x), Avg.  5.01 ms, Total. 5.014 ms (0.1%)
[Performance] Application.Shutdown.ScriptCompilationCleanUp                                                                  :        1 samples, Peak.  18.8 us (1.0x), Avg.  18.8 us, Total. 18.79 us (0.0%)
[Performance] Application.Shutdown.DestroyJobSystem                                                                          :        1 samples, Peak.   111 us (1.0x), Avg.   111 us, Total. 111.3 us (0.0%)
[Performance] Application.Shutdown.CleanupPersistentManager                                                                  :        1 samples, Peak.   857 us (1.0x), Avg.   857 us, Total. 857.4 us (0.0%)
[Performance] Application.Shutdown.CleanupAsyncReadManager                                                                   :        1 samples, Peak.  80.8 us (1.0x), Avg.  80.8 us, Total. 80.79 us (0.0%)
[Performance] Application.Shutdown.CleanupMono                                                                               :        1 samples, Peak.   138 ms (1.0x), Avg.   138 ms, Total. 138.0 ms (1.7%)
[Performance] Application.Shutdown.CleanupStdConverters                                                                      :        1 samples, Peak.  6.92 us (1.0x), Avg.  6.92 us, Total. 6.916 us (0.0%)
[Performance] Application.Shutdown.UnloadAllPlatformSupportModuleNativeDlls                                                  :        1 samples, Peak.   458 ns (1.0x), Avg.   458 ns, Total. 458.0 ns (0.0%)
[Performance] Application.Shutdown.UnloadAllPlatformSupportNativeLibraries                                                   :        1 samples, Peak.  53.6 us (1.0x), Avg.  53.6 us, Total. 53.62 us (0.0%)
[Performance] Application.Shutdown.CleanupAutoDocumentation                                                                  :        1 samples, Peak.  64.4 us (1.0x), Avg.  64.4 us, Total. 64.38 us (0.0%)
[Performance] Application.Shutdown.ShaderNameManagerDestroy                                                                  :        1 samples, Peak.  17.8 us (1.0x), Avg.  17.8 us, Total. 17.83 us (0.0%)
[Performance] Application.Shutdown.CleanupCacheServer                                                                        :        1 samples, Peak.   208 ns (1.0x), Avg.   208 ns, Total. 208.0 ns (0.0%)
[Performance] Application.Shutdown.Virtualization_Shutdown                                                                   :        1 samples, Peak.   208 ns (1.0x), Avg.   208 ns, Total. 208.0 ns (0.0%)
[Performance] Application.Shutdown.DevConnections                                                                            :        1 samples, Peak.  42.7 us (1.0x), Avg.  42.7 us, Total. 42.67 us (0.0%)
Exiting batchmode successfully now!
[Package Manager] Server::Kill -- Server was shutdown
